This is pdfTeX, Version 3.1415926-1.40.10 (MiKTeX 2.8) (preloaded format=pdflatex 2021.5.30)  21 JUL 2021 11:55
entering extended mode
**BaoCaoDS304.tex

("D:\#UIT_Documents\#HK2_2020_2021\Phan tich va Thiet ke thuc nghiem\R_project\
BaoCaofinal\DS304_TK-PTTN\BaoCaoLatex\BaoCaoDS304.tex"
LaTeX2e <2009/09/24>
Babel <v3.8l> and hyphenation patterns for english, dumylang, nohyphenation, ge
rman, ngerman, german-x-2009-06-19, ngerman-x-2009-06-19, french, loaded.

("D:\#UIT_Documents\#HK2_2020_2021\Phan tich va Thiet ke thuc nghiem\R_project\
BaoCaofinal\DS304_TK-PTTN\BaoCaoLatex\llncs.cls"
Document Class: llncs 2018/03/10 v2.20 
 LaTeX document class for Lecture Notes in Computer Science
(E:\Program_Data\Miktex_2.8\tex\latex\base\article.cls
Document Class: article 2007/10/19 v1.4h Standard LaTeX document class
(E:\Program_Data\Miktex_2.8\tex\latex\base\size10.clo
File: size10.clo 2007/10/19 v1.4h Standard LaTeX file (size option)
)
\c@part=\count79
\c@section=\count80
\c@subsection=\count81
\c@subsubsection=\count82
\c@paragraph=\count83
\c@subparagraph=\count84
\c@figure=\count85
\c@table=\count86
\abovecaptionskip=\skip41
\belowcaptionskip=\skip42
\bibindent=\dimen102
)
(E:\Program_Data\Miktex_2.8\tex\latex\tools\multicol.sty
Package: multicol 2008/12/05 v1.6h multicolumn formatting (FMi)
\c@tracingmulticols=\count87
\mult@box=\box26
\multicol@leftmargin=\dimen103
\c@unbalance=\count88
\c@collectmore=\count89
\doublecol@number=\count90
\multicoltolerance=\count91
\multicolpretolerance=\count92
\full@width=\dimen104
\page@free=\dimen105
\premulticols=\dimen106
\postmulticols=\dimen107
\multicolsep=\skip43
\multicolbaselineskip=\skip44
\partial@page=\box27
\last@line=\box28
\mult@rightbox=\box29
\mult@grightbox=\box30
\mult@gfirstbox=\box31
\mult@firstbox=\box32
\@tempa=\box33
\@tempa=\box34
\@tempa=\box35
\@tempa=\box36
\@tempa=\box37
\@tempa=\box38
\@tempa=\box39
\@tempa=\box40
\@tempa=\box41
\@tempa=\box42
\@tempa=\box43
\@tempa=\box44
\@tempa=\box45
\@tempa=\box46
\@tempa=\box47
\@tempa=\box48
\@tempa=\box49
\c@columnbadness=\count93
\c@finalcolumnbadness=\count94
\last@try=\dimen108
\multicolovershoot=\dimen109
\multicolundershoot=\dimen110
\mult@nat@firstbox=\box50
\colbreak@box=\box51
)
(E:\Program_Data\Miktex_2.8\tex\latex\oberdiek\aliascnt.sty
Package: aliascnt 2009/09/08 v1.3 Alias counter (HO)

(E:\Program_Data\Miktex_2.8\tex\latex\carlisle\remreset.sty))
\c@chapter=\count95
LaTeX Font Info:    Redeclaring math symbol \Gamma on input line 362.
LaTeX Font Info:    Redeclaring math symbol \Delta on input line 363.
LaTeX Font Info:    Redeclaring math symbol \Theta on input line 364.
LaTeX Font Info:    Redeclaring math symbol \Lambda on input line 365.
LaTeX Font Info:    Redeclaring math symbol \Xi on input line 366.
LaTeX Font Info:    Redeclaring math symbol \Pi on input line 367.
LaTeX Font Info:    Redeclaring math symbol \Sigma on input line 368.
LaTeX Font Info:    Redeclaring math symbol \Upsilon on input line 369.
LaTeX Font Info:    Redeclaring math symbol \Phi on input line 370.
LaTeX Font Info:    Redeclaring math symbol \Psi on input line 371.
LaTeX Font Info:    Redeclaring math symbol \Omega on input line 372.
\tocchpnum=\dimen111
\tocsecnum=\dimen112
\tocsectotal=\dimen113
\tocsubsecnum=\dimen114
\tocsubsectotal=\dimen115
\tocsubsubsecnum=\dimen116
\tocsubsubsectotal=\dimen117
\tocparanum=\dimen118
\tocparatotal=\dimen119
\tocsubparanum=\dimen120
\@tempcntc=\count96
\fnindent=\dimen121
\c@@inst=\count97
\c@@auth=\count98
\c@auco=\count99
\instindent=\dimen122
\authrun=\box52
\authorrunning=\toks14
\tocauthor=\toks15
\titrun=\box53
\titlerunning=\toks16
\toctitle=\toks17
\c@theorem=\count100
\c@case=\count101
\c@conjecture=\count102
\c@corollary=\count103
\c@definition=\count104
\c@example=\count105
\c@exercise=\count106
\c@lemma=\count107
\c@note=\count108
\c@problem=\count109
\c@property=\count110
\c@proposition=\count111
\c@question=\count112
\c@solution=\count113
\c@remark=\count114
\headlineindent=\dimen123
)
(E:\Program_Data\Miktex_2.8\tex\latex\base\inputenc.sty
Package: inputenc 2008/03/30 v1.1d Input encoding file
\inpenc@prehook=\toks18
\inpenc@posthook=\toks19

(E:\Program_Data\Miktex_2.8\tex\latex\base\utf8.def
File: utf8.def 2008/04/05 v1.1m UTF-8 support for inputenc
Now handling font encoding OML ...
... no UTF-8 mapping file for font encoding OML
Now handling font encoding T1 ...
... processing UTF-8 mapping file for font encoding T1

(E:\Program_Data\Miktex_2.8\tex\latex\base\t1enc.dfu
File: t1enc.dfu 2008/04/05 v1.1m UTF-8 support for inputenc
   defining Unicode char U+00A1 (decimal 161)
   defining Unicode char U+00A3 (decimal 163)
   defining Unicode char U+00AB (decimal 171)
   defining Unicode char U+00BB (decimal 187)
   defining Unicode char U+00BF (decimal 191)
   defining Unicode char U+00C0 (decimal 192)
   defining Unicode char U+00C1 (decimal 193)
   defining Unicode char U+00C2 (decimal 194)
   defining Unicode char U+00C3 (decimal 195)
   defining Unicode char U+00C4 (decimal 196)
   defining Unicode char U+00C5 (decimal 197)
   defining Unicode char U+00C6 (decimal 198)
   defining Unicode char U+00C7 (decimal 199)
   defining Unicode char U+00C8 (decimal 200)
   defining Unicode char U+00C9 (decimal 201)
   defining Unicode char U+00CA (decimal 202)
   defining Unicode char U+00CB (decimal 203)
   defining Unicode char U+00CC (decimal 204)
   defining Unicode char U+00CD (decimal 205)
   defining Unicode char U+00CE (decimal 206)
   defining Unicode char U+00CF (decimal 207)
   defining Unicode char U+00D0 (decimal 208)
   defining Unicode char U+00D1 (decimal 209)
   defining Unicode char U+00D2 (decimal 210)
   defining Unicode char U+00D3 (decimal 211)
   defining Unicode char U+00D4 (decimal 212)
   defining Unicode char U+00D5 (decimal 213)
   defining Unicode char U+00D6 (decimal 214)
   defining Unicode char U+00D8 (decimal 216)
   defining Unicode char U+00D9 (decimal 217)
   defining Unicode char U+00DA (decimal 218)
   defining Unicode char U+00DB (decimal 219)
   defining Unicode char U+00DC (decimal 220)
   defining Unicode char U+00DD (decimal 221)
   defining Unicode char U+00DE (decimal 222)
   defining Unicode char U+00DF (decimal 223)
   defining Unicode char U+00E0 (decimal 224)
   defining Unicode char U+00E1 (decimal 225)
   defining Unicode char U+00E2 (decimal 226)
   defining Unicode char U+00E3 (decimal 227)
   defining Unicode char U+00E4 (decimal 228)
   defining Unicode char U+00E5 (decimal 229)
   defining Unicode char U+00E6 (decimal 230)
   defining Unicode char U+00E7 (decimal 231)
   defining Unicode char U+00E8 (decimal 232)
   defining Unicode char U+00E9 (decimal 233)
   defining Unicode char U+00EA (decimal 234)
   defining Unicode char U+00EB (decimal 235)
   defining Unicode char U+00EC (decimal 236)
   defining Unicode char U+00ED (decimal 237)
   defining Unicode char U+00EE (decimal 238)
   defining Unicode char U+00EF (decimal 239)
   defining Unicode char U+00F0 (decimal 240)
   defining Unicode char U+00F1 (decimal 241)
   defining Unicode char U+00F2 (decimal 242)
   defining Unicode char U+00F3 (decimal 243)
   defining Unicode char U+00F4 (decimal 244)
   defining Unicode char U+00F5 (decimal 245)
   defining Unicode char U+00F6 (decimal 246)
   defining Unicode char U+00F8 (decimal 248)
   defining Unicode char U+00F9 (decimal 249)
   defining Unicode char U+00FA (decimal 250)
   defining Unicode char U+00FB (decimal 251)
   defining Unicode char U+00FC (decimal 252)
   defining Unicode char U+00FD (decimal 253)
   defining Unicode char U+00FE (decimal 254)
   defining Unicode char U+00FF (decimal 255)
   defining Unicode char U+0102 (decimal 258)
   defining Unicode char U+0103 (decimal 259)
   defining Unicode char U+0104 (decimal 260)
   defining Unicode char U+0105 (decimal 261)
   defining Unicode char U+0106 (decimal 262)
   defining Unicode char U+0107 (decimal 263)
   defining Unicode char U+010C (decimal 268)
   defining Unicode char U+010D (decimal 269)
   defining Unicode char U+010E (decimal 270)
   defining Unicode char U+010F (decimal 271)
   defining Unicode char U+0110 (decimal 272)
   defining Unicode char U+0111 (decimal 273)
   defining Unicode char U+0118 (decimal 280)
   defining Unicode char U+0119 (decimal 281)
   defining Unicode char U+011A (decimal 282)
   defining Unicode char U+011B (decimal 283)
   defining Unicode char U+011E (decimal 286)
   defining Unicode char U+011F (decimal 287)
   defining Unicode char U+0130 (decimal 304)
   defining Unicode char U+0131 (decimal 305)
   defining Unicode char U+0132 (decimal 306)
   defining Unicode char U+0133 (decimal 307)
   defining Unicode char U+0139 (decimal 313)
   defining Unicode char U+013A (decimal 314)
   defining Unicode char U+013D (decimal 317)
   defining Unicode char U+013E (decimal 318)
   defining Unicode char U+0141 (decimal 321)
   defining Unicode char U+0142 (decimal 322)
   defining Unicode char U+0143 (decimal 323)
   defining Unicode char U+0144 (decimal 324)
   defining Unicode char U+0147 (decimal 327)
   defining Unicode char U+0148 (decimal 328)
   defining Unicode char U+014A (decimal 330)
   defining Unicode char U+014B (decimal 331)
   defining Unicode char U+0150 (decimal 336)
   defining Unicode char U+0151 (decimal 337)
   defining Unicode char U+0152 (decimal 338)
   defining Unicode char U+0153 (decimal 339)
   defining Unicode char U+0154 (decimal 340)
   defining Unicode char U+0155 (decimal 341)
   defining Unicode char U+0158 (decimal 344)
   defining Unicode char U+0159 (decimal 345)
   defining Unicode char U+015A (decimal 346)
   defining Unicode char U+015B (decimal 347)
   defining Unicode char U+015E (decimal 350)
   defining Unicode char U+015F (decimal 351)
   defining Unicode char U+0160 (decimal 352)
   defining Unicode char U+0161 (decimal 353)
   defining Unicode char U+0162 (decimal 354)
   defining Unicode char U+0163 (decimal 355)
   defining Unicode char U+0164 (decimal 356)
   defining Unicode char U+0165 (decimal 357)
   defining Unicode char U+016E (decimal 366)
   defining Unicode char U+016F (decimal 367)
   defining Unicode char U+0170 (decimal 368)
   defining Unicode char U+0171 (decimal 369)
   defining Unicode char U+0178 (decimal 376)
   defining Unicode char U+0179 (decimal 377)
   defining Unicode char U+017A (decimal 378)
   defining Unicode char U+017B (decimal 379)
   defining Unicode char U+017C (decimal 380)
   defining Unicode char U+017D (decimal 381)
   defining Unicode char U+017E (decimal 382)
   defining Unicode char U+200C (decimal 8204)
   defining Unicode char U+2013 (decimal 8211)
   defining Unicode char U+2014 (decimal 8212)
   defining Unicode char U+2018 (decimal 8216)
   defining Unicode char U+2019 (decimal 8217)
   defining Unicode char U+201A (decimal 8218)
   defining Unicode char U+201C (decimal 8220)
   defining Unicode char U+201D (decimal 8221)
   defining Unicode char U+201E (decimal 8222)
   defining Unicode char U+2030 (decimal 8240)
   defining Unicode char U+2031 (decimal 8241)
   defining Unicode char U+2039 (decimal 8249)
   defining Unicode char U+203A (decimal 8250)
   defining Unicode char U+2423 (decimal 9251)
)
Now handling font encoding OT1 ...
... processing UTF-8 mapping file for font encoding OT1

(E:\Program_Data\Miktex_2.8\tex\latex\base\ot1enc.dfu
File: ot1enc.dfu 2008/04/05 v1.1m UTF-8 support for inputenc
   defining Unicode char U+00A1 (decimal 161)
   defining Unicode char U+00A3 (decimal 163)
   defining Unicode char U+00B8 (decimal 184)
   defining Unicode char U+00BF (decimal 191)
   defining Unicode char U+00C5 (decimal 197)
   defining Unicode char U+00C6 (decimal 198)
   defining Unicode char U+00D8 (decimal 216)
   defining Unicode char U+00DF (decimal 223)
   defining Unicode char U+00E6 (decimal 230)
   defining Unicode char U+00EC (decimal 236)
   defining Unicode char U+00ED (decimal 237)
   defining Unicode char U+00EE (decimal 238)
   defining Unicode char U+00EF (decimal 239)
   defining Unicode char U+00F8 (decimal 248)
   defining Unicode char U+0131 (decimal 305)
   defining Unicode char U+0141 (decimal 321)
   defining Unicode char U+0142 (decimal 322)
   defining Unicode char U+0152 (decimal 338)
   defining Unicode char U+0153 (decimal 339)
   defining Unicode char U+2013 (decimal 8211)
   defining Unicode char U+2014 (decimal 8212)
   defining Unicode char U+2018 (decimal 8216)
   defining Unicode char U+2019 (decimal 8217)
   defining Unicode char U+201C (decimal 8220)
   defining Unicode char U+201D (decimal 8221)
)
Now handling font encoding OMS ...
... processing UTF-8 mapping file for font encoding OMS

(E:\Program_Data\Miktex_2.8\tex\latex\base\omsenc.dfu
File: omsenc.dfu 2008/04/05 v1.1m UTF-8 support for inputenc
   defining Unicode char U+00A7 (decimal 167)
   defining Unicode char U+00B6 (decimal 182)
   defining Unicode char U+00B7 (decimal 183)
   defining Unicode char U+2020 (decimal 8224)
   defining Unicode char U+2021 (decimal 8225)
   defining Unicode char U+2022 (decimal 8226)
)
Now handling font encoding OMX ...
... no UTF-8 mapping file for font encoding OMX
Now handling font encoding U ...
... no UTF-8 mapping file for font encoding U
   defining Unicode char U+00A9 (decimal 169)
   defining Unicode char U+00AA (decimal 170)
   defining Unicode char U+00AE (decimal 174)
   defining Unicode char U+00BA (decimal 186)
   defining Unicode char U+02C6 (decimal 710)
   defining Unicode char U+02DC (decimal 732)
   defining Unicode char U+200C (decimal 8204)
   defining Unicode char U+2026 (decimal 8230)
   defining Unicode char U+2122 (decimal 8482)
   defining Unicode char U+2423 (decimal 9251)
))
(E:\Program_Data\Miktex_2.8\tex\latex\vntex\vietnam.sty
Package: vietnam 2009/07/12 v1.3 support for Vietnamese

(E:\Program_Data\Miktex_2.8\tex\latex\base\ifthen.sty
Package: ifthen 2001/05/26 v1.1c Standard LaTeX ifthen package (DPC)
)
(E:\Program_Data\Miktex_2.8\tex\latex\base\fontenc.sty
Package: fontenc 2005/09/27 v1.99g Standard LaTeX package

(E:\Program_Data\Miktex_2.8\tex\latex\vntex\t5enc.def
File: t5enc.def 2006/11/21 v1.4 Vietnamese T5 encoding
Now handling font encoding T5 ...
... processing UTF-8 mapping file for font encoding T5

(E:\Program_Data\Miktex_2.8\tex\latex\vntex\t5enc.dfu
File: t5enc.dfu 2006/08/19 v1.1 UTF8 support for Vietnamese
   defining Unicode char U+00AB (decimal 171)
   defining Unicode char U+00BB (decimal 187)
   defining Unicode char U+00C0 (decimal 192)
   defining Unicode char U+00C1 (decimal 193)
   defining Unicode char U+00C2 (decimal 194)
   defining Unicode char U+00C3 (decimal 195)
   defining Unicode char U+00C8 (decimal 200)
   defining Unicode char U+00C9 (decimal 201)
   defining Unicode char U+00CA (decimal 202)
   defining Unicode char U+00CC (decimal 204)
   defining Unicode char U+00CD (decimal 205)
   defining Unicode char U+00D2 (decimal 210)
   defining Unicode char U+00D3 (decimal 211)
   defining Unicode char U+00D4 (decimal 212)
   defining Unicode char U+00D5 (decimal 213)
   defining Unicode char U+00D9 (decimal 217)
   defining Unicode char U+00DA (decimal 218)
   defining Unicode char U+00DD (decimal 221)
   defining Unicode char U+00E0 (decimal 224)
   defining Unicode char U+00E1 (decimal 225)
   defining Unicode char U+00E2 (decimal 226)
   defining Unicode char U+00E3 (decimal 227)
   defining Unicode char U+00E8 (decimal 232)
   defining Unicode char U+00E9 (decimal 233)
   defining Unicode char U+00EA (decimal 234)
   defining Unicode char U+00EC (decimal 236)
   defining Unicode char U+00ED (decimal 237)
   defining Unicode char U+00F2 (decimal 242)
   defining Unicode char U+00F3 (decimal 243)
   defining Unicode char U+00F4 (decimal 244)
   defining Unicode char U+00F5 (decimal 245)
   defining Unicode char U+00F9 (decimal 249)
   defining Unicode char U+00FA (decimal 250)
   defining Unicode char U+00FD (decimal 253)
   defining Unicode char U+0102 (decimal 258)
   defining Unicode char U+0103 (decimal 259)
   defining Unicode char U+0110 (decimal 272)
   defining Unicode char U+0111 (decimal 273)
   defining Unicode char U+0128 (decimal 296)
   defining Unicode char U+0129 (decimal 297)
   defining Unicode char U+0131 (decimal 305)
   defining Unicode char U+0168 (decimal 360)
   defining Unicode char U+0169 (decimal 361)
   defining Unicode char U+01A0 (decimal 416)
   defining Unicode char U+01A1 (decimal 417)
   defining Unicode char U+01AF (decimal 431)
   defining Unicode char U+01B0 (decimal 432)
   defining Unicode char U+1EA0 (decimal 7840)
   defining Unicode char U+1EA1 (decimal 7841)
   defining Unicode char U+1EA2 (decimal 7842)
   defining Unicode char U+1EA3 (decimal 7843)
   defining Unicode char U+1EA4 (decimal 7844)
   defining Unicode char U+1EA5 (decimal 7845)
   defining Unicode char U+1EA6 (decimal 7846)
   defining Unicode char U+1EA7 (decimal 7847)
   defining Unicode char U+1EA8 (decimal 7848)
   defining Unicode char U+1EA9 (decimal 7849)
   defining Unicode char U+1EAA (decimal 7850)
   defining Unicode char U+1EAB (decimal 7851)
   defining Unicode char U+1EAC (decimal 7852)
   defining Unicode char U+1EAD (decimal 7853)
   defining Unicode char U+1EAE (decimal 7854)
   defining Unicode char U+1EAF (decimal 7855)
   defining Unicode char U+1EB0 (decimal 7856)
   defining Unicode char U+1EB1 (decimal 7857)
   defining Unicode char U+1EB2 (decimal 7858)
   defining Unicode char U+1EB3 (decimal 7859)
   defining Unicode char U+1EB4 (decimal 7860)
   defining Unicode char U+1EB5 (decimal 7861)
   defining Unicode char U+1EB6 (decimal 7862)
   defining Unicode char U+1EB7 (decimal 7863)
   defining Unicode char U+1EB8 (decimal 7864)
   defining Unicode char U+1EB9 (decimal 7865)
   defining Unicode char U+1EBA (decimal 7866)
   defining Unicode char U+1EBB (decimal 7867)
   defining Unicode char U+1EBC (decimal 7868)
   defining Unicode char U+1EBD (decimal 7869)
   defining Unicode char U+1EBE (decimal 7870)
   defining Unicode char U+1EBF (decimal 7871)
   defining Unicode char U+1EC0 (decimal 7872)
   defining Unicode char U+1EC1 (decimal 7873)
   defining Unicode char U+1EC2 (decimal 7874)
   defining Unicode char U+1EC3 (decimal 7875)
   defining Unicode char U+1EC4 (decimal 7876)
   defining Unicode char U+1EC5 (decimal 7877)
   defining Unicode char U+1EC6 (decimal 7878)
   defining Unicode char U+1EC7 (decimal 7879)
   defining Unicode char U+1EC8 (decimal 7880)
   defining Unicode char U+1EC9 (decimal 7881)
   defining Unicode char U+1ECA (decimal 7882)
   defining Unicode char U+1ECB (decimal 7883)
   defining Unicode char U+1ECC (decimal 7884)
   defining Unicode char U+1ECD (decimal 7885)
   defining Unicode char U+1ECE (decimal 7886)
   defining Unicode char U+1ECF (decimal 7887)
   defining Unicode char U+1ED0 (decimal 7888)
   defining Unicode char U+1ED1 (decimal 7889)
   defining Unicode char U+1ED2 (decimal 7890)
   defining Unicode char U+1ED3 (decimal 7891)
   defining Unicode char U+1ED4 (decimal 7892)
   defining Unicode char U+1ED5 (decimal 7893)
   defining Unicode char U+1ED6 (decimal 7894)
   defining Unicode char U+1ED7 (decimal 7895)
   defining Unicode char U+1ED8 (decimal 7896)
   defining Unicode char U+1ED9 (decimal 7897)
   defining Unicode char U+1EDA (decimal 7898)
   defining Unicode char U+1EDB (decimal 7899)
   defining Unicode char U+1EDC (decimal 7900)
   defining Unicode char U+1EDD (decimal 7901)
   defining Unicode char U+1EDE (decimal 7902)
   defining Unicode char U+1EDF (decimal 7903)
   defining Unicode char U+1EE0 (decimal 7904)
   defining Unicode char U+1EE1 (decimal 7905)
   defining Unicode char U+1EE2 (decimal 7906)
   defining Unicode char U+1EE3 (decimal 7907)
   defining Unicode char U+1EE4 (decimal 7908)
   defining Unicode char U+1EE5 (decimal 7909)
   defining Unicode char U+1EE6 (decimal 7910)
   defining Unicode char U+1EE7 (decimal 7911)
   defining Unicode char U+1EE8 (decimal 7912)
   defining Unicode char U+1EE9 (decimal 7913)
   defining Unicode char U+1EEA (decimal 7914)
   defining Unicode char U+1EEB (decimal 7915)
   defining Unicode char U+1EEC (decimal 7916)
   defining Unicode char U+1EED (decimal 7917)
   defining Unicode char U+1EEE (decimal 7918)
   defining Unicode char U+1EEF (decimal 7919)
   defining Unicode char U+1EF0 (decimal 7920)
   defining Unicode char U+1EF1 (decimal 7921)
   defining Unicode char U+1EF2 (decimal 7922)
   defining Unicode char U+1EF3 (decimal 7923)
   defining Unicode char U+1EF4 (decimal 7924)
   defining Unicode char U+1EF5 (decimal 7925)
   defining Unicode char U+1EF6 (decimal 7926)
   defining Unicode char U+1EF7 (decimal 7927)
   defining Unicode char U+1EF8 (decimal 7928)
   defining Unicode char U+1EF9 (decimal 7929)
   defining Unicode char U+200C (decimal 8204)
   defining Unicode char U+2013 (decimal 8211)
   defining Unicode char U+2014 (decimal 8212)
   defining Unicode char U+2018 (decimal 8216)
   defining Unicode char U+2019 (decimal 8217)
   defining Unicode char U+201A (decimal 8218)
   defining Unicode char U+201C (decimal 8220)
   defining Unicode char U+201D (decimal 8221)
   defining Unicode char U+201E (decimal 8222)
   defining Unicode char U+2030 (decimal 8240)
   defining Unicode char U+2031 (decimal 8241)
   defining Unicode char U+2039 (decimal 8249)
   defining Unicode char U+203A (decimal 8250)
   defining Unicode char U+2423 (decimal 9251)
))
LaTeX Font Info:    Try loading font information for T5+cmr on input line 100.

(E:\Program_Data\Miktex_2.8\tex\latex\vntex\t5cmr.fd
File: t5cmr.fd 1999/05/25 v2.5h Standard LaTeX font definitions
))
(E:\Program_Data\Miktex_2.8\tex\latex\vntex\vncaps.tex
File: vncaps.tex 2006/06/07 v1.1 Captions in Vietnamese
))
(E:\Program_Data\Miktex_2.8\tex\latex\graphics\graphicx.sty
Package: graphicx 1999/02/16 v1.0f Enhanced LaTeX Graphics (DPC,SPQR)

(E:\Program_Data\Miktex_2.8\tex\latex\graphics\keyval.sty
Package: keyval 1999/03/16 v1.13 key=value parser (DPC)
\KV@toks@=\toks20
)
(E:\Program_Data\Miktex_2.8\tex\latex\graphics\graphics.sty
Package: graphics 2009/02/05 v1.0o Standard LaTeX Graphics (DPC,SPQR)

(E:\Program_Data\Miktex_2.8\tex\latex\graphics\trig.sty
Package: trig 1999/03/16 v1.09 sin cos tan (DPC)
)
(E:\Program_Data\Miktex_2.8\tex\latex\00miktex\graphics.cfg
File: graphics.cfg 2007/01/18 v1.5 graphics configuration of teTeX/TeXLive
)
Package graphics Info: Driver file: pdftex.def on input line 91.

(E:\Program_Data\Miktex_2.8\tex\latex\pdftex-def\pdftex.def
File: pdftex.def 2009/08/25 v0.04m Graphics/color for pdfTeX
\Gread@gobject=\count115
))
\Gin@req@height=\dimen124
\Gin@req@width=\dimen125
)
(E:\Program_Data\Miktex_2.8\tex\latex\oberdiek\epstopdf.sty
Package: epstopdf 2009/10/17 v2.4 Conversion with epstopdf on the fly (HO)

(E:\Program_Data\Miktex_2.8\tex\latex\oberdiek\epstopdf-base.sty
Package: epstopdf-base 2009/10/17 v2.4 Base part for package epstopdf

(E:\Program_Data\Miktex_2.8\tex\generic\oberdiek\infwarerr.sty
Package: infwarerr 2007/09/09 v1.2 Providing info/warning/message (HO)
)
(E:\Program_Data\Miktex_2.8\tex\latex\oberdiek\grfext.sty
Package: grfext 2007/09/30 v1.0 Managing graphics extensions (HO)
)
(E:\Program_Data\Miktex_2.8\tex\latex\oberdiek\kvoptions.sty
Package: kvoptions 2009/08/13 v3.4 Keyval support for LaTeX options (HO)

(E:\Program_Data\Miktex_2.8\tex\generic\oberdiek\kvsetkeys.sty
Package: kvsetkeys 2009/07/30 v1.5 Key value parser with default handler suppor
t (HO)

(E:\Program_Data\Miktex_2.8\tex\generic\oberdiek\etexcmds.sty
Package: etexcmds 2007/12/12 v1.2 Prefix for e-TeX command names (HO)
Package etexcmds Info: Could not find \expanded.
(etexcmds)             That can mean that you are not using pdfTeX 1.50 or
(etexcmds)             that some package has redefined \expanded.
(etexcmds)             In the latter case, load this package earlier.
)))
(E:\Program_Data\Miktex_2.8\tex\generic\oberdiek\pdftexcmds.sty
Package: pdftexcmds 2009/09/23 v0.6 LuaTeX support for pdfTeX utility functions
 (HO)

(E:\Program_Data\Miktex_2.8\tex\generic\oberdiek\ifluatex.sty
Package: ifluatex 2009/04/17 v1.2 Provides the ifluatex switch (HO)
Package ifluatex Info: LuaTeX not detected.
)
(E:\Program_Data\Miktex_2.8\tex\generic\oberdiek\ltxcmds.sty
Package: ltxcmds 2009/08/05 v1.0 Some LaTeX kernel commands for general use (HO
)
)
Package pdftexcmds Info: LuaTeX not detected.
Package pdftexcmds Info: \pdf@primitive is available.
Package pdftexcmds Info: \pdf@ifprimitive is available.
)
Package grfext Info: Graphics extension search list:
(grfext)             [.png,.pdf,.jpg,.mps,.jpeg,.jbig2,.jb2,.PNG,.PDF,.JPG,.JPE
G,.JBIG2,.JB2,.eps]
(grfext)             \AppendGraphicsExtensions on input line 433.
))
(E:\Program_Data\Miktex_2.8\tex\latex\float\float.sty
Package: float 2001/11/08 v1.3d Float enhancements (AL)
\c@float@type=\count116
\float@exts=\toks21
\float@box=\box54
\@float@everytoks=\toks22
\@floatcapt=\box55
)
(E:\Program_Data\Miktex_2.8\tex\latex\tools\array.sty
Package: array 2008/09/09 v2.4c Tabular extension package (FMi)
\col@sep=\dimen126
\extrarowheight=\dimen127
\NC@list=\toks23
\extratabsurround=\skip45
\backup@length=\skip46
)
(E:\Program_Data\Miktex_2.8\tex\latex\multirow\multirow.sty
\bigstrutjot=\dimen128
)
(E:\Program_Data\Miktex_2.8\tex\latex\ltxmisc\ulem.sty
\UL@box=\box56
\UL@hyphenbox=\box57
\UL@skip=\skip47
\UL@hook=\toks24
\UL@pe=\count117
\UL@pixel=\dimen129
\ULC@box=\box58
Package: ulem 2000/05/26
\ULdepth=\dimen130
)
(E:\Program_Data\Miktex_2.8\tex\latex\ltxmisc\url.sty
\Urlmuskip=\muskip10
Package: url 2006/04/12  ver 3.3  Verb mode for urls, etc.
)
(E:\Program_Data\Miktex_2.8\tex\latex\todonotes\todonotes.sty
Package: todonotes 2009/10/24 .dtx Todonotes source and documentation.
Package: todonotes 2009/04/02

(E:\Program_Data\Miktex_2.8\tex\latex\xkeyval\xkeyval.sty
Package: xkeyval 2008/08/13 v2.6a package option processing (HA)

(E:\Program_Data\Miktex_2.8\tex\generic\xkeyval\xkeyval.tex
\XKV@toks=\toks25
\XKV@tempa@toks=\toks26
\XKV@depth=\count118
File: xkeyval.tex 2008/08/13 v2.6a key=value parser (HA)
))
(E:\Program_Data\Miktex_2.8\tex\latex\xcolor\xcolor.sty
Package: xcolor 2007/01/21 v2.11 LaTeX color extensions (UK)

(E:\Program_Data\Miktex_2.8\tex\latex\00miktex\color.cfg
File: color.cfg 2007/01/18 v1.5 color configuration of teTeX/TeXLive
)
Package xcolor Info: Driver file: pdftex.def on input line 225.
Package xcolor Info: Model `cmy' substituted by `cmy0' on input line 1337.
Package xcolor Info: Model `hsb' substituted by `rgb' on input line 1341.
Package xcolor Info: Model `RGB' extended on input line 1353.
Package xcolor Info: Model `HTML' substituted by `rgb' on input line 1355.
Package xcolor Info: Model `Hsb' substituted by `hsb' on input line 1356.
Package xcolor Info: Model `tHsb' substituted by `hsb' on input line 1357.
Package xcolor Info: Model `HSB' substituted by `hsb' on input line 1358.
Package xcolor Info: Model `Gray' substituted by `gray' on input line 1359.
Package xcolor Info: Model `wave' substituted by `hsb' on input line 1360.
)
(E:\Program_Data\Miktex_2.8\tex\latex\pgf\frontendlayer\tikz.sty
(E:\Program_Data\Miktex_2.8\tex\latex\pgf\basiclayer\pgf.sty
(E:\Program_Data\Miktex_2.8\tex\latex\pgf\utilities\pgfrcs.sty
(E:\Program_Data\Miktex_2.8\tex\generic\pgf\utilities\pgfutil-common.tex
\pgfutil@everybye=\toks27
)
(E:\Program_Data\Miktex_2.8\tex\generic\pgf\utilities\pgfutil-latex.def)
(E:\Program_Data\Miktex_2.8\tex\generic\pgf\utilities\pgfrcs.code.tex
Package: pgfrcs 2008/02/20 v2.00 (rcs-revision 1.21)
))
Package: pgf 2008/01/15 v2.00 (rcs-revision 1.12)

(E:\Program_Data\Miktex_2.8\tex\latex\pgf\basiclayer\pgfcore.sty
(E:\Program_Data\Miktex_2.8\tex\latex\pgf\systemlayer\pgfsys.sty
(E:\Program_Data\Miktex_2.8\tex\generic\pgf\systemlayer\pgfsys.code.tex
Package: pgfsys 2008/02/07 v2.00 (rcs-revision 1.31)

(E:\Program_Data\Miktex_2.8\tex\generic\pgf\utilities\pgfkeys.code.tex
\pgfkeys@pathtoks=\toks28
\pgfkeys@temptoks=\toks29
)
\pgf@x=\dimen131
\pgf@y=\dimen132
\pgf@xa=\dimen133
\pgf@ya=\dimen134
\pgf@xb=\dimen135
\pgf@yb=\dimen136
\pgf@xc=\dimen137
\pgf@yc=\dimen138
\c@pgf@counta=\count119
\c@pgf@countb=\count120
\c@pgf@countc=\count121
\c@pgf@countd=\count122

(E:\Program_Data\Miktex_2.8\tex\generic\pgf\systemlayer\pgf.cfg
File: pgf.cfg 2008/01/13  (rcs-revision 1.6)
)
Package pgfsys Info: Driver file for pgf: pgfsys-pdftex.def on input line 885.

(E:\Program_Data\Miktex_2.8\tex\generic\pgf\systemlayer\pgfsys-pdftex.def
File: pgfsys-pdftex.def 2007/12/20  (rcs-revision 1.20)

(E:\Program_Data\Miktex_2.8\tex\generic\pgf\systemlayer\pgfsys-common-pdf.def
File: pgfsys-common-pdf.def 2007/12/17  (rcs-revision 1.8)
)))
(E:\Program_Data\Miktex_2.8\tex\generic\pgf\systemlayer\pgfsyssoftpath.code.tex
File: pgfsyssoftpath.code.tex 2008/01/23  (rcs-revision 1.6)
\pgfsyssoftpath@smallbuffer@items=\count123
\pgfsyssoftpath@bigbuffer@items=\count124
)
(E:\Program_Data\Miktex_2.8\tex\generic\pgf\systemlayer\pgfsysprotocol.code.tex
File: pgfsysprotocol.code.tex 2006/10/16  (rcs-revision 1.4)
)) (E:\Program_Data\Miktex_2.8\tex\generic\pgf\basiclayer\pgfcore.code.tex
Package: pgfcore 2008/01/15 v2.00 (rcs-revision 1.6)

(E:\Program_Data\Miktex_2.8\tex\generic\pgf\math\pgfmath.code.tex
(E:\Program_Data\Miktex_2.8\tex\generic\pgf\math\pgfmathcalc.code.tex
(E:\Program_Data\Miktex_2.8\tex\generic\pgf\math\pgfmathutil.code.tex
\pgfmath@box=\box59
)
(E:\Program_Data\Miktex_2.8\tex\generic\pgf\math\pgfmathparser.code.tex
\pgfmath@stack=\toks30
\c@pgfmath@parsecounta=\count125
\c@pgfmath@parsecountb=\count126
\c@pgfmath@parsecountc=\count127
\pgfmath@parsex=\dimen139
)
(E:\Program_Data\Miktex_2.8\tex\generic\pgf\math\pgfmathoperations.code.tex
(E:\Program_Data\Miktex_2.8\tex\generic\pgf\math\pgfmathtrig.code.tex)
(E:\Program_Data\Miktex_2.8\tex\generic\pgf\math\pgfmathrnd.code.tex))
(E:\Program_Data\Miktex_2.8\tex\generic\pgf\math\pgfmathbase.code.tex)))
(E:\Program_Data\Miktex_2.8\tex\generic\pgf\basiclayer\pgfcorepoints.code.tex
File: pgfcorepoints.code.tex 2008/02/03  (rcs-revision 1.13)
\pgf@picminx=\dimen140
\pgf@picmaxx=\dimen141
\pgf@picminy=\dimen142
\pgf@picmaxy=\dimen143
\pgf@pathminx=\dimen144
\pgf@pathmaxx=\dimen145
\pgf@pathminy=\dimen146
\pgf@pathmaxy=\dimen147
\pgf@xx=\dimen148
\pgf@xy=\dimen149
\pgf@yx=\dimen150
\pgf@yy=\dimen151
\pgf@zx=\dimen152
\pgf@zy=\dimen153
)
(E:\Program_Data\Miktex_2.8\tex\generic\pgf\basiclayer\pgfcorepathconstruct.cod
e.tex
File: pgfcorepathconstruct.code.tex 2008/02/13  (rcs-revision 1.14)
\pgf@path@lastx=\dimen154
\pgf@path@lasty=\dimen155
)
(E:\Program_Data\Miktex_2.8\tex\generic\pgf\basiclayer\pgfcorepathusage.code.te
x
File: pgfcorepathusage.code.tex 2008/01/23  (rcs-revision 1.11)
\pgf@shorten@end@additional=\dimen156
\pgf@shorten@start@additional=\dimen157
)
(E:\Program_Data\Miktex_2.8\tex\generic\pgf\basiclayer\pgfcorescopes.code.tex
File: pgfcorescopes.code.tex 2008/01/15  (rcs-revision 1.26)
\pgfpic=\box60
\pgf@hbox=\box61
\pgf@layerbox@main=\box62
\pgf@picture@serial@count=\count128
)
(E:\Program_Data\Miktex_2.8\tex\generic\pgf\basiclayer\pgfcoregraphicstate.code
.tex
File: pgfcoregraphicstate.code.tex 2007/12/12  (rcs-revision 1.8)
\pgflinewidth=\dimen158
)
(E:\Program_Data\Miktex_2.8\tex\generic\pgf\basiclayer\pgfcoretransformations.c
ode.tex
File: pgfcoretransformations.code.tex 2008/02/04  (rcs-revision 1.10)
\pgf@pt@x=\dimen159
\pgf@pt@y=\dimen160
\pgf@pt@temp=\dimen161
)
(E:\Program_Data\Miktex_2.8\tex\generic\pgf\basiclayer\pgfcorequick.code.tex
File: pgfcorequick.code.tex 2006/10/11  (rcs-revision 1.2)
)
(E:\Program_Data\Miktex_2.8\tex\generic\pgf\basiclayer\pgfcoreobjects.code.tex
File: pgfcoreobjects.code.tex 2006/10/11  (rcs-revision 1.2)
)
(E:\Program_Data\Miktex_2.8\tex\generic\pgf\basiclayer\pgfcorepathprocessing.co
de.tex
File: pgfcorepathprocessing.code.tex 2008/01/23  (rcs-revision 1.7)
)
(E:\Program_Data\Miktex_2.8\tex\generic\pgf\basiclayer\pgfcorearrows.code.tex
File: pgfcorearrows.code.tex 2007/06/07  (rcs-revision 1.8)
)
(E:\Program_Data\Miktex_2.8\tex\generic\pgf\basiclayer\pgfcoreshade.code.tex
File: pgfcoreshade.code.tex 2007/12/10  (rcs-revision 1.9)
\pgf@max=\dimen162
\pgf@sys@shading@range@num=\count129
)
(E:\Program_Data\Miktex_2.8\tex\generic\pgf\basiclayer\pgfcoreimage.code.tex
File: pgfcoreimage.code.tex 2008/01/15  (rcs-revision 1.1)
\pgfexternal@startupbox=\box63
)
(E:\Program_Data\Miktex_2.8\tex\generic\pgf\basiclayer\pgfcorelayers.code.tex
File: pgfcorelayers.code.tex 2008/01/15  (rcs-revision 1.1)
)
(E:\Program_Data\Miktex_2.8\tex\generic\pgf\basiclayer\pgfcoretransparency.code
.tex
File: pgfcoretransparency.code.tex 2008/01/17  (rcs-revision 1.2)
)
(E:\Program_Data\Miktex_2.8\tex\generic\pgf\basiclayer\pgfcorepatterns.code.tex
File: pgfcorepatterns.code.tex 2008/01/15  (rcs-revision 1.1)
)))
(E:\Program_Data\Miktex_2.8\tex\generic\pgf\modules\pgfmoduleshapes.code.tex
File: pgfmoduleshapes.code.tex 2008/02/13  (rcs-revision 1.4)
\pgfnodeparttextbox=\box64
\toks@savedmacro=\toks31
)
(E:\Program_Data\Miktex_2.8\tex\generic\pgf\modules\pgfmoduleplot.code.tex
File: pgfmoduleplot.code.tex 2008/01/15  (rcs-revision 1.1)
\pgf@plotwrite=\write3
)
(E:\Program_Data\Miktex_2.8\tex\latex\pgf\compatibility\pgfcomp-version-0-65.st
y
Package: pgfcomp-version-0-65 2007/07/03 v2.00 (rcs-revision 1.7)
\pgf@nodesepstart=\dimen163
\pgf@nodesepend=\dimen164
)
(E:\Program_Data\Miktex_2.8\tex\latex\pgf\compatibility\pgfcomp-version-1-18.st
y
Package: pgfcomp-version-1-18 2007/07/23 v2.00 (rcs-revision 1.1)
)) (E:\Program_Data\Miktex_2.8\tex\latex\pgf\utilities\pgffor.sty
(E:\Program_Data\Miktex_2.8\tex\generic\pgf\utilities\pgffor.code.tex
Package: pgffor 2007/11/07 v2.00 (rcs-revision 1.8)
\pgffor@iter=\dimen165
\pgffor@skip=\dimen166
))
(E:\Program_Data\Miktex_2.8\tex\generic\pgf\frontendlayer\tikz\tikz.code.tex
Package: tikz 2008/02/13 v2.00 (rcs-revision 1.27)

(E:\Program_Data\Miktex_2.8\tex\generic\pgf\libraries\pgflibraryplothandlers.co
de.tex
File: pgflibraryplothandlers.code.tex 2007/03/09 v2.00 (rcs-revision 1.9)
\pgf@plot@mark@count=\count130
\pgfplotmarksize=\dimen167
)
\tikz@lastx=\dimen168
\tikz@lasty=\dimen169
\tikz@lastxsaved=\dimen170
\tikz@lastysaved=\dimen171
\tikzleveldistance=\dimen172
\tikzsiblingdistance=\dimen173
\tikz@figbox=\box65
\tikz@tempbox=\box66
\tikztreelevel=\count131
\tikznumberofchildren=\count132
\tikznumberofcurrentchild=\count133
\tikz@fig@count=\count134

(E:\Program_Data\Miktex_2.8\tex\generic\pgf\modules\pgfmodulematrix.code.tex
File: pgfmodulematrix.code.tex 2008/01/15  (rcs-revision 1.1)
\pgfmatrixcurrentrow=\count135
\pgfmatrixcurrentcolumn=\count136
\pgf@matrix@numberofcolumns=\count137
)
\tikz@expandcount=\count138

(E:\Program_Data\Miktex_2.8\tex\generic\pgf\frontendlayer\tikz\libraries\tikzli
brarytopaths.code.tex
File: tikzlibrarytopaths.code.tex 2008/01/09 v2.00 (rcs-revision 1.1)
))) (E:\Program_Data\Miktex_2.8\tex\latex\tools\calc.sty
Package: calc 2007/08/22 v4.3 Infix arithmetic (KKT,FJ)
\calc@Acount=\count139
\calc@Bcount=\count140
\calc@Adimen=\dimen174
\calc@Bdimen=\dimen175
\calc@Askip=\skip48
\calc@Bskip=\skip49
LaTeX Info: Redefining \setlength on input line 76.
LaTeX Info: Redefining \addtolength on input line 77.
\calc@Ccount=\count141
\calc@Cskip=\skip50
)
\c@@todonotes@numberoftodonotes=\count142
) (E:\Program_Data\Miktex_2.8\tex\latex\listings\listings.sty
\lst@mode=\count143
\lst@gtempboxa=\box67
\lst@token=\toks32
\lst@length=\count144
\lst@currlwidth=\dimen176
\lst@column=\count145
\lst@pos=\count146
\lst@lostspace=\dimen177
\lst@width=\dimen178
\lst@newlines=\count147
\lst@lineno=\count148
\lst@maxwidth=\dimen179

(E:\Program_Data\Miktex_2.8\tex\latex\listings\lstmisc.sty
File: lstmisc.sty 2007/02/22 1.4 (Carsten Heinz)
\c@lstnumber=\count149
\lst@skipnumbers=\count150
\lst@framebox=\box68
)
(E:\Program_Data\Miktex_2.8\tex\latex\listings\listings.cfg
File: listings.cfg 2007/02/22 1.4 listings configuration
))
Package: listings 2007/02/22 1.4 (Carsten Heinz)

(E:\Program_Data\Miktex_2.8\tex\latex\fancyvrb\fancyvrb.sty
Package: fancyvrb 2008/02/07

Style option: `fancyvrb' v2.7a, with DG/SPQR fixes, and firstline=lastline fix 
<2008/02/07> (tvz)
\FV@CodeLineNo=\count151
\FV@InFile=\read1
\FV@TabBox=\box69
\c@FancyVerbLine=\count152
\FV@StepNumber=\count153
\FV@OutFile=\write4
)
(E:\Program_Data\Miktex_2.8\tex\latex\verbatimbox\verbatimbox.sty
Package: verbatimbox 2007/03/16 v1.0

(E:\Program_Data\Miktex_2.8\tex\latex\tools\verbatim.sty
Package: verbatim 2003/08/22 v1.5q LaTeX2e package for verbatim enhancements
\every@verbatim=\toks33
\verbatim@line=\toks34
\verbatim@in@stream=\read2
)
\savedverbbox=\box70
\boxtopsep=\dimen180
\boxbottomsep=\dimen181
\ps@tempdima=\dimen182
\ps@tempboxa=\box71
)
("D:\#UIT_Documents\#HK2_2020_2021\Phan tich va Thiet ke thuc nghiem\R_project\
BaoCaofinal\DS304_TK-PTTN\BaoCaoLatex\BaoCaoDS304.aux"

LaTeX Warning: Label `fig2' multiply defined.


LaTeX Warning: Label `fig2' multiply defined.


LaTeX Warning: Label `fig2' multiply defined.


LaTeX Warning: Label `fig2' multiply defined.


LaTeX Warning: Label `fig2' multiply defined.


LaTeX Warning: Label `fig2' multiply defined.


LaTeX Warning: Label `fig2' multiply defined.


LaTeX Warning: Label `fig2' multiply defined.


LaTeX Warning: Label `fig2' multiply defined.


LaTeX Warning: Label `fig2' multiply defined.


LaTeX Warning: Label `fig2' multiply defined.


LaTeX Warning: Label `fig2' multiply defined.


LaTeX Warning: Label `fig2' multiply defined.


LaTeX Warning: Label `fig2' multiply defined.


LaTeX Warning: Label `tab3' multiply defined.


LaTeX Warning: Label `tab3' multiply defined.


LaTeX Warning: Label `fig2' multiply defined.

)
LaTeX Font Info:    Checking defaults for OML/cmm/m/it on input line 60.
LaTeX Font Info:    ... okay on input line 60.
LaTeX Font Info:    Checking defaults for T1/cmr/m/n on input line 60.
LaTeX Font Info:    ... okay on input line 60.
LaTeX Font Info:    Checking defaults for OT1/cmr/m/n on input line 60.
LaTeX Font Info:    ... okay on input line 60.
LaTeX Font Info:    Checking defaults for OMS/cmsy/m/n on input line 60.
LaTeX Font Info:    ... okay on input line 60.
LaTeX Font Info:    Checking defaults for OMX/cmex/m/n on input line 60.
LaTeX Font Info:    ... okay on input line 60.
LaTeX Font Info:    Checking defaults for U/cmr/m/n on input line 60.
LaTeX Font Info:    ... okay on input line 60.
LaTeX Font Info:    Checking defaults for T5/cmr/m/n on input line 60.
LaTeX Font Info:    ... okay on input line 60.
 (E:\Program_Data\Miktex_2.8\tex\context\base\supp-pdf.tex
[Loading MPS to PDF converter (version 2006.09.02).]
\scratchcounter=\count154
\scratchdimen=\dimen183
\scratchbox=\box72
\nofMPsegments=\count155
\nofMParguments=\count156
\everyMPshowfont=\toks35
\MPscratchCnt=\count157
\MPscratchDim=\dimen184
\MPnumerator=\count158
\everyMPtoPDFconversion=\toks36
)
\c@lstlisting=\count159
LaTeX Font Info:    External font `cmex10' loaded for size
(Font)              <14.4> on input line 85.
LaTeX Font Info:    External font `cmex10' loaded for size
(Font)              <7> on input line 85.
LaTeX Font Info:    External font `cmex10' loaded for size
(Font)              <5> on input line 85.
LaTeX Font Info:    External font `cmex10' loaded for size
(Font)              <9> on input line 85.
LaTeX Font Info:    External font `cmex10' loaded for size
(Font)              <6> on input line 85.
LaTeX Font Info:    Try loading font information for T5+cmtt on input line 85.
 (E:\Program_Data\Miktex_2.8\tex\latex\vntex\t5cmtt.fd
File: t5cmtt.fd 1999/05/25 v2.5h Standard LaTeX font definitions
)
LaTeX Font Info:    Try loading font information for OMS+cmr on input line 90.

(E:\Program_Data\Miktex_2.8\tex\latex\base\omscmr.fd
File: omscmr.fd 1999/05/25 v2.5h Standard LaTeX font definitions
)
LaTeX Font Info:    Font shape `OMS/cmr/m/n' in size <9> not available
(Font)              Font shape `OMS/cmsy/m/n' tried instead on input line 90.
 [1

{C:/ProgramData/MiKTeX/2.8/pdftex/config/pdftex.map}]
Overfull \hbox (1.75339pt too wide) in paragraph at lines 117--117
[]|\T5/cmr/bx/n/9 AGE| 
 []


Overfull \hbox (1.24983pt too wide) in paragraph at lines 115--130
 [] 
 []


Underfull \hbox (badness 10000) in paragraph at lines 144--145
[]|$\T5/cmtt/m/n/9 https : / / www4 . stat . ncsu . edu / ~boos / var . select 
/ diabetes .$
 []


Overfull \vbox (8.08379pt too high) detected at line 151
 []


Overfull \hbox (12.58226pt too wide) in paragraph at lines 138--168
 [] 
 []

[2] [3] <describe.png, id=25, 773.289pt x 203.5605pt>
File: describe.png Graphic file (type png)
 <use describe.png>
<Scatter_Y.png, id=27, 1465.6356pt x 1434.0777pt>
File: Scatter_Y.png Graphic file (type png)
 <use Scatter_Y.png> [4 <D:/#UIT_Documents/#HK2_2020_2021/Phan tich va Thiet ke
 thuc nghiem/R_project/BaoCaofinal/DS304_TK-PTTN/BaoCaoLatex/describe.png> <D:/
#UIT_Documents/#HK2_2020_2021/Phan tich va Thiet ke thuc nghiem/R_project/BaoCa
ofinal/DS304_TK-PTTN/BaoCaoLatex/Scatter_Y.png>] <Scatter_factors.png, id=33, 1
754.9565pt x 1608.2484pt>
File: Scatter_factors.png Graphic file (type png)

<use Scatter_factors.png> [5 <D:/#UIT_Documents/#HK2_2020_2021/Phan tich va Thi
et ke thuc nghiem/R_project/BaoCaofinal/DS304_TK-PTTN/BaoCaoLatex/Scatter_facto
rs.png>] <Corr.png, id=38, 672.111pt x 581.0508pt>
File: Corr.png Graphic file (type png)
 <use Corr.png> [6 <D:/#UIT_Documents/#HK2_2020_2021/Phan tich va Thiet ke thuc
 nghiem/R_project/BaoCaofinal/DS304_TK-PTTN/BaoCaoLatex/Corr.png>]
<Dist_Y.png, id=43, 960.4683pt x 558.1653pt>
File: Dist_Y.png Graphic file (type png)
 <use Dist_Y.png>
<Dist_BMI.png, id=44, 1184.5053pt x 721.7364pt>
File: Dist_BMI.png Graphic file (type png)
 <use Dist_BMI.png> [7 <D:/#UIT_Documents/#HK2_2020_2021/Phan tich va Thiet ke 
thuc nghiem/R_project/BaoCaofinal/DS304_TK-PTTN/BaoCaoLatex/Dist_Y.png>] [8 <D:
/#UIT_Documents/#HK2_2020_2021/Phan tich va Thiet ke thuc nghiem/R_project/BaoC
aofinal/DS304_TK-PTTN/BaoCaoLatex/Dist_BMI.png>] <box.png, id=54, 2477.255pt x 
2477.255pt>
File: box.png Graphic file (type png)
 <use box.png>
[9 <D:/#UIT_Documents/#HK2_2020_2021/Phan tich va Thiet ke thuc nghiem/R_projec
t/BaoCaofinal/DS304_TK-PTTN/BaoCaoLatex/box.png>]
<AGEOR.png, id=59, 1003.75pt x 548.0475pt>
File: AGEOR.png Graphic file (type png)
 <use AGEOR.png>
<BMIOR.png, id=60, 1003.75pt x 548.0475pt>
File: BMIOR.png Graphic file (type png)
 <use BMIOR.png>
<BPOR.png, id=61, 1003.75pt x 548.0475pt>
File: BPOR.png Graphic file (type png)
 <use BPOR.png>
<S1OR.png, id=62, 1003.75pt x 548.0475pt>
File: S1OR.png Graphic file (type png)
 <use S1OR.png>
<S2OR.png, id=63, 1003.75pt x 548.0475pt>
File: S2OR.png Graphic file (type png)
 <use S2OR.png> [10 <D:/#UIT_Documents/#HK2_2020_2021/Phan tich va Thiet ke thu
c nghiem/R_project/BaoCaofinal/DS304_TK-PTTN/BaoCaoLatex/AGEOR.png> <D:/#UIT_Do
cuments/#HK2_2020_2021/Phan tich va Thiet ke thuc nghiem/R_project/BaoCaofinal/
DS304_TK-PTTN/BaoCaoLatex/BMIOR.png>]
Overfull \vbox (61.29924pt too high) has occurred while \output is active []


[11 <D:/#UIT_Documents/#HK2_2020_2021/Phan tich va Thiet ke thuc nghiem/R_proje
ct/BaoCaofinal/DS304_TK-PTTN/BaoCaoLatex/BPOR.png> <D:/#UIT_Documents/#HK2_2020
_2021/Phan tich va Thiet ke thuc nghiem/R_project/BaoCaofinal/DS304_TK-PTTN/Bao
CaoLatex/S1OR.png> <D:/#UIT_Documents/#HK2_2020_2021/Phan tich va Thiet ke thuc
 nghiem/R_project/BaoCaofinal/DS304_TK-PTTN/BaoCaoLatex/S2OR.png>]
<S3OR.png, id=78, 1003.75pt x 548.0475pt>
File: S3OR.png Graphic file (type png)
 <use S3OR.png>
<S4OR.png, id=79, 1003.75pt x 548.0475pt>
File: S4OR.png Graphic file (type png)
 <use S4OR.png>
<S5OR.png, id=80, 1003.75pt x 548.0475pt>
File: S5OR.png Graphic file (type png)
 <use S5OR.png>
Overfull \vbox (61.29924pt too high) has occurred while \output is active []


[12 <D:/#UIT_Documents/#HK2_2020_2021/Phan tich va Thiet ke thuc nghiem/R_proje
ct/BaoCaofinal/DS304_TK-PTTN/BaoCaoLatex/S3OR.png> <D:/#UIT_Documents/#HK2_2020
_2021/Phan tich va Thiet ke thuc nghiem/R_project/BaoCaofinal/DS304_TK-PTTN/Bao
CaoLatex/S4OR.png> <D:/#UIT_Documents/#HK2_2020_2021/Phan tich va Thiet ke thuc
 nghiem/R_project/BaoCaofinal/DS304_TK-PTTN/BaoCaoLatex/S5OR.png>]
<S6OR.png, id=87, 1003.75pt x 548.0475pt>
File: S6OR.png Graphic file (type png)
 <use S6OR.png> [13 <D:/#UIT_Documents/#HK2_2020_2021/Phan tich va Thiet ke thu
c nghiem/R_project/BaoCaofinal/DS304_TK-PTTN/BaoCaoLatex/S6OR.png>]
(E:\Program_Data\Miktex_2.8\tex\latex\listings\lstlang1.sty
File: lstlang1.sty 2004/09/05 1.3 listings language file
)
(E:\Program_Data\Miktex_2.8\tex\latex\listings\lstlang2.sty
File: lstlang2.sty 2004/09/05 1.3 listings language file
)
(E:\Program_Data\Miktex_2.8\tex\latex\listings\lstlang3.sty
File: lstlang3.sty 2004/09/05 1.3 listings language file
) [14]
LaTeX Font Info:    Font shape `OMS/cmr/bx/n' in size <10> not available
(Font)              Font shape `OMS/cmsy/b/n' tried instead on input line 426.
 [15] [16]
[17] [18] [19] [20] [21] [22] [23]
Overfull \hbox (6.79274pt too wide) in paragraph at lines 873--874
[][][][][][][][][][][][][][][][][][][][][][][][][][][][][][][][][][][][] 
 []


Overfull \hbox (9.59273pt too wide) in paragraph at lines 871--877
 [] 
 []

[24] [25] [26] [27] [28] [29]
Underfull \hbox (badness 10000) in paragraph at lines 1166--1168

 []


Underfull \hbox (badness 10000) in paragraph at lines 1169--1170

 []


Underfull \hbox (badness 10000) in paragraph at lines 1170--1171

 []

[30]
Underfull \hbox (badness 10000) in paragraph at lines 1178--1180

 []


Underfull \hbox (badness 10000) in paragraph at lines 1181--1182

 []


Underfull \hbox (badness 10000) in paragraph at lines 1182--1183

 []


Underfull \hbox (badness 10000) in paragraph at lines 1183--1184

 []

[31] [32] [33] [34] [35] [36] [37] [38] [39] [40]
Overfull \hbox (1.73627pt too wide) in paragraph at lines 1704--1723
 [] 
 []

[41]
Overfull \hbox (1.73627pt too wide) in paragraph at lines 1739--1764
 [] 
 []

[42] <Rplot.jpg, id=195, 432.11438pt x 274.77657pt>
File: Rplot.jpg Graphic file (type jpg)
 <use Rplot.jpg> [43 <D:/#UIT_Documents/#HK2_2020_2021/Phan tich va Thiet ke th
uc nghiem/R_project/BaoCaofinal/DS304_TK-PTTN/BaoCaoLatex/Rplot.jpg>]
Underfull \hbox (badness 3199) in paragraph at lines 1795--1796
[]\T5/cmr/m/n/9 Regularization: Ridge, Lasso and Elas-tic Net, $\T5/cmtt/m/n/9 
https : / / www . datacamp . com /$
 []

[44]
("D:\#UIT_Documents\#HK2_2020_2021\Phan tich va Thiet ke thuc nghiem\R_project\
BaoCaofinal\DS304_TK-PTTN\BaoCaoLatex\BaoCaoDS304.aux")

LaTeX Warning: There were multiply-defined labels.

 ) 
Here is how much of TeX's memory you used:
 12510 strings out of 495285
 198363 string characters out of 3180474
 309648 words of memory out of 3000000
 15405 multiletter control sequences out of 15000+200000
 21434 words of font info for 47 fonts, out of 3000000 for 9000
 14 hyphenation exceptions out of 8191
 54i,14n,74p,1291b,1951s stack positions out of 5000i,500n,10000p,200000b,50000s
<E:/Program_Data/Miktex_2.8/fonts/type1/public/amsfonts/cm/cmbsy10.pfb><E:/Pr
ogram_Data/Miktex_2.8/fonts/type1/public/amsfonts/cm/cmbx7.pfb><E:/Program_Data
/Miktex_2.8/fonts/type1/public/amsfonts/cm/cmex10.pfb><E:/Program_Data/Miktex_2
.8/fonts/type1/public/amsfonts/cm/cmmi10.pfb><E:/Program_Data/Miktex_2.8/fonts/
type1/public/amsfonts/cm/cmmi6.pfb><E:/Program_Data/Miktex_2.8/fonts/type1/publ
ic/amsfonts/cm/cmmi7.pfb><E:/Program_Data/Miktex_2.8/fonts/type1/public/amsfont
s/cm/cmmi9.pfb><E:/Program_Data/Miktex_2.8/fonts/type1/public/amsfonts/cm/cmmib
10.pfb><E:/Program_Data/Miktex_2.8/fonts/type1/public/amsfonts/cm/cmr10.pfb><E:
/Program_Data/Miktex_2.8/fonts/type1/public/amsfonts/cm/cmr6.pfb><E:/Program_Da
ta/Miktex_2.8/fonts/type1/public/amsfonts/cm/cmr7.pfb><E:/Program_Data/Miktex_2
.8/fonts/type1/public/amsfonts/cm/cmr9.pfb><E:/Program_Data/Miktex_2.8/fonts/ty
pe1/public/amsfonts/cm/cmsy10.pfb><E:/Program_Data/Miktex_2.8/fonts/type1/publi
c/amsfonts/cm/cmsy7.pfb><E:/Program_Data/Miktex_2.8/fonts/type1/public/amsfonts
/cm/cmsy9.pfb><E:/Program_Data/Miktex_2.8/fonts/type1/vntex/vnr/vnbx10.pfb><E:/
Program_Data/Miktex_2.8/fonts/type1/vntex/vnr/vnbx12.pfb><E:/Program_Data/Mikte
x_2.8/fonts/type1/vntex/vnr/vnbx7.pfb><E:/Program_Data/Miktex_2.8/fonts/type1/v
ntex/vnr/vnbx9.pfb><E:/Program_Data/Miktex_2.8/fonts/type1/vntex/vnr/vnr10.pfb>
<E:/Program_Data/Miktex_2.8/fonts/type1/vntex/vnr/vnr7.pfb><E:/Program_Data/Mik
tex_2.8/fonts/type1/vntex/vnr/vnr9.pfb><E:/Program_Data/Miktex_2.8/fonts/type1/
vntex/vnr/vnti10.pfb><E:/Program_Data/Miktex_2.8/fonts/type1/vntex/vnr/vntt10.p
fb><E:/Program_Data/Miktex_2.8/fonts/type1/vntex/vnr/vntt9.pfb>
Output written on BaoCaoDS304.pdf (44 pages, 10062508 bytes).
PDF statistics:
 282 PDF objects out of 1000 (max. 8388607)
 0 named destinations out of 1000 (max. 500000)
 98 words of extra memory for PDF output out of 10000 (max. 10000000)

